<?xml version="1.0" encoding="UTF-8"?>
<!-- Generated by org.testng.reporters.JUnitReportReporter -->
<testsuite hostname="MO-DESKTOP-" failures="0" tests="1" name="runner.TestRunner" time="96.529" errors="0" timestamp="2022-03-05T23:11:28 EET" skipped="0">
  <testcase classname="runner.TestRunner" name="runScenario" time="96.529"/>
  <system-out/>
</testsuite> <!-- runner.TestRunner -->
